<?xml version="1.0" encoding="UTF-8" ?>
<testsuite tests="5" failures="0" name="testRunner.ApiTestRunner" time="4.781" errors="0" skipped="0">
  <properties>
    <property name="java.runtime.name" value="Java(TM) SE Runtime Environment"/>
    <property name="sun.boot.library.path" value="D:\Program Files\Java\jdk1.8.0_171\jre\bin"/>
    <property name="java.vm.version" value="25.171-b11"/>
    <property name="user.country.format" value="PK"/>
    <property name="java.vm.vendor" value="Oracle Corporation"/>
    <property name="maven.multiModuleProjectDirectory" value="D:\Java\intellij\BikeAPI-Vending-Test\BikeAPITest"/>
    <property name="java.vendor.url" value="http://java.oracle.com/"/>
    <property name="path.separator" value=";"/>
    <property name="guice.disable.misplaced.annotation.check" value="true"/>
    <property name="java.vm.name" value="Java HotSpot(TM) 64-Bit Server VM"/>
    <property name="file.encoding.pkg" value="sun.io"/>
    <property name="user.script" value=""/>
    <property name="user.country" value="GB"/>
    <property name="sun.java.launcher" value="SUN_STANDARD"/>
    <property name="sun.os.patch.level" value=""/>
    <property name="test" value="ApiTestRunner"/>
    <property name="java.vm.specification.name" value="Java Virtual Machine Specification"/>
    <property name="user.dir" value="D:\Java\intellij\BikeAPI-Vending-Test\BikeAPITest"/>
    <property name="java.runtime.version" value="1.8.0_171-b11"/>
    <property name="java.awt.graphicsenv" value="sun.awt.Win32GraphicsEnvironment"/>
    <property name="java.endorsed.dirs" value="D:\Program Files\Java\jdk1.8.0_171\jre\lib\endorsed"/>
    <property name="os.arch" value="amd64"/>
    <property name="java.io.tmpdir" value="C:\Users\Big\AppData\Local\Temp\"/>
    <property name="line.separator" value="
"/>
    <property name="java.vm.specification.vendor" value="Oracle Corporation"/>
    <property name="user.variant" value=""/>
    <property name="os.name" value="Windows 10"/>
    <property name="maven.ext.class.path" value="D:\Downloads\Compressed\ideaIC-2019.3.1.win\plugins\maven\lib\maven-event-listener.jar"/>
    <property name="classworlds.conf" value="D:\Downloads\Compressed\ideaIC-2019.3.1.win\plugins\maven\lib\maven3\bin\m2.conf"/>
    <property name="sun.jnu.encoding" value="Cp1252"/>
    <property name="java.library.path" value="D:\Program Files\Java\jdk1.8.0_171\bin;C:\WINDOWS\Sun\Java\bin;C:\WINDOWS\system32;C:\WINDOWS;D:\page\ActiveTcl\bin;C:\WINDOWS\system32;C:\WINDOWS;C:\WINDOWS\System32\Wbem;C:\WINDOWS\System32\WindowsPowerShell\v1.0\;C:\WINDOWS\System32\OpenSSH\;D:\Program Files\Git\cmd;D:\Program Files\nodejs\;C:\Program Files\PuTTY\;C:\Program Files\Microsoft SQL Server\130\Tools\Binn\;C:\Program Files (x86)\GtkSharp\2.12\bin;D:\Program Files\CMake\bin;D:\Program Files\Autodesk\FBX\FBX SDK\2018.1.1;D:\Programs\Visual\openMVG;C:\WINDOWS\system32\config\systemprofile\.dnx\bin;C:\Program Files\Microsoft DNX\Dnvm\;D:\Program Files (x86)\Microsoft Visual Studio 14.0\VC\bin;D:\Programs\Python\Projects\chromedriver.exe;D:\xampp3\php;D:\composer3;D:\youtube\;D:\youtube\bin\;D:\Program Files (x86)\Google\Cloud SDK\google-cloud-sdk\bin;D:\Python\Python38-32;D:\Python\Python38-32\Scripts;D:\Android\flutter\bin;D:\Android\sdk_complete;C:\Program Files (x86)\Microsoft Emulator Manager\1.0\;D:\Program Files\Java\jdk1.8.0_171\bin;D:\Android\sdk_complete\platform-tools;D:\Android\sdk_complete\tools\bin;C:\Users\Big\AppData\Local\Microsoft\WindowsApps;D:\Program Files\Microsoft VS Code\bin;C:\Program Files\nodejs;C:\Users\Big\AppData\Roaming\npm;C:\Users\Big\AppData\Roaming\Composer\vendor\bin;D:\youtube\;C:\Users\Big\AppData\Local\GitHubDesktop\bin;."/>
    <property name="maven.conf" value="D:\Downloads\Compressed\ideaIC-2019.3.1.win\plugins\maven\lib\maven3/conf"/>
    <property name="java.specification.name" value="Java Platform API Specification"/>
    <property name="java.class.version" value="52.0"/>
    <property name="sun.management.compiler" value="HotSpot 64-Bit Tiered Compilers"/>
    <property name="os.version" value="10.0"/>
    <property name="idea.version2019.3.1" value="true"/>
    <property name="user.home" value="C:\Users\Big"/>
    <property name="user.timezone" value="Asia/Karachi"/>
    <property name="java.awt.printerjob" value="sun.awt.windows.WPrinterJob"/>
    <property name="java.specification.version" value="1.8"/>
    <property name="file.encoding" value="UTF-8"/>
    <property name="user.name" value="Big"/>
    <property name="java.class.path" value="D:\Downloads\Compressed\ideaIC-2019.3.1.win\plugins\maven\lib\maven3\boot\plexus-classworlds-2.6.0.jar;D:\Downloads\Compressed\ideaIC-2019.3.1.win\lib\idea_rt.jar"/>
    <property name="java.vm.specification.version" value="1.8"/>
    <property name="sun.arch.data.model" value="64"/>
    <property name="java.home" value="D:\Program Files\Java\jdk1.8.0_171\jre"/>
    <property name="sun.java.command" value="org.codehaus.classworlds.Launcher -Didea.version2019.3.1 -Dtest=ApiTestRunner test"/>
    <property name="java.specification.vendor" value="Oracle Corporation"/>
    <property name="user.language" value="en"/>
    <property name="awt.toolkit" value="sun.awt.windows.WToolkit"/>
    <property name="java.vm.info" value="mixed mode"/>
    <property name="java.version" value="1.8.0_171"/>
    <property name="java.ext.dirs" value="D:\Program Files\Java\jdk1.8.0_171\jre\lib\ext;C:\WINDOWS\Sun\Java\lib\ext"/>
    <property name="sun.boot.class.path" value="D:\Program Files\Java\jdk1.8.0_171\jre\lib\resources.jar;D:\Program Files\Java\jdk1.8.0_171\jre\lib\rt.jar;D:\Program Files\Java\jdk1.8.0_171\jre\lib\sunrsasign.jar;D:\Program Files\Java\jdk1.8.0_171\jre\lib\jsse.jar;D:\Program Files\Java\jdk1.8.0_171\jre\lib\jce.jar;D:\Program Files\Java\jdk1.8.0_171\jre\lib\charsets.jar;D:\Program Files\Java\jdk1.8.0_171\jre\lib\jfr.jar;D:\Program Files\Java\jdk1.8.0_171\jre\classes"/>
    <property name="java.vendor" value="Oracle Corporation"/>
    <property name="maven.home" value="D:\Downloads\Compressed\ideaIC-2019.3.1.win\plugins\maven\lib\maven3"/>
    <property name="file.separator" value="\"/>
    <property name="java.vendor.url.bug" value="http://bugreport.sun.com/bugreport/"/>
    <property name="sun.cpu.endian" value="little"/>
    <property name="sun.io.unicode.encoding" value="UnicodeLittle"/>
    <property name="sun.desktop" value="windows"/>
    <property name="sun.cpu.isalist" value="amd64"/>
  </properties>
  <testcase classname="To do api testing on the biker Api" name="Validate response code" time="2.361"/>
  <testcase classname="To do api testing on the biker Api" name="Validate city and corresponding lat long" time="0.025"/>
  <testcase classname="To do api testing on the biker Api" name="Validate free bikes at stations #1" time="0.492"/>
  <testcase classname="To do api testing on the biker Api" name="Validate free bikes at stations #2" time="1.668"/>
  <testcase classname="To do api testing on the biker Api" name="Validate free bikes at stations #3" time="0.235"/>
</testsuite>